<?xml version="1.0" encoding="UTF-8" ?>
<testsuite failures="0" time="6.142" errors="0" skipped="0" tests="3" name="se.skltp.components.muleprobe.probeservice.ProbeServiceIntegrationTest">
  <properties>
[...]
</properties>
  <testcase time="5.173" classname="se.skltp.components.muleprobe.probeservice.ProbeServiceIntegrationTest" name="probeService_returns_ok"/>
  <testcase time="0.037" classname="se.skltp.components.muleprobe.probeservice.ProbeServiceIntegrationTest" name="probeService_returns_down"/>
  <testcase time="0.039" classname="se.skltp.components.muleprobe.probeservice.ProbeServiceIntegrationTest" name="probeService_returns_error_when_file_is_missing"/>
</testsuite>